<?xml version="1.0" encoding="UTF-8"?>
<testsuite name="test.PaymentTest" tests="1" skipped="0" failures="0" errors="0" timestamp="2025-05-29T14:14:16" hostname="DESKTOP-KP83FJ1" time="9.563">
  <properties/>
  <testcase name="Input of value '1000'in 'CVV' string, border check" classname="test.PaymentTest" time="9.563"/>
  <system-out><![CDATA[]]></system-out>
  <system-err><![CDATA[мая 29, 2025 5:14:19 PM org.openqa.selenium.devtools.CdpVersionFinder findNearestMatch
WARNING: Unable to find CDP implementation matching 136
мая 29, 2025 5:14:19 PM org.openqa.selenium.chromium.ChromiumDriver lambda$new$5
WARNING: Unable to find version of CDP to use for 136.0.7103.114. You may need to include a dependency on a specific version of the CDP using something similar to `org.seleniumhq.selenium:selenium-devtools-v86:4.11.0` where the version ("v86") matches the version of the chromium-based browser you're using and the version number of the artifact is the same as Selenium's.
]]></system-err>
</testsuite>
